2018-02-13 00:19:58,236:DEBUG:certbot.main:certbot version: 0.21.0
2018-02-13 00:19:58,238:DEBUG:certbot.main:Arguments: ['--manual', '--domain', 'home.dev.paxperscientiam.com', '--email', 'chrisdavidramos@gmail.com', '--config-dir', '/users/ramos/Documents/apache2/etc/le/', '--work-dir', '/Users/ramos/Documents/apache2/var/lib/le/', '--logs-dir', '/Users/ramos/Documents/apache2/var/log/le/', '--text']
2018-02-13 00:19:58,238:DEBUG:certbot.main:Discovered plugins: PluginsRegistry(PluginEntryPoint#apache,PluginEntryPoint#manual,PluginEntryPoint#null,PluginEntryPoint#standalone,PluginEntryPoint#webroot)
2018-02-13 00:19:58,355:DEBUG:certbot.log:Root logging level set at 20
2018-02-13 00:19:58,358:INFO:certbot.log:Saving debug log to /Users/ramos/Documents/apache2/var/log/le/letsencrypt.log
2018-02-13 00:19:58,360:DEBUG:certbot.plugins.selection:Requested authenticator manual and installer None
2018-02-13 00:19:58,374:DEBUG:certbot.plugins.selection:Single candidate plugin: * manual
Description: Manual configuration or run your own shell scripts
Interfaces: IAuthenticator, IPlugin
Entry point: manual = certbot.plugins.manual:Authenticator
Initialized: <certbot.plugins.manual.Authenticator object at 0x10a4df6d0>
Prep: True
2018-02-13 00:19:58,375:DEBUG:certbot.plugins.selection:Selected authenticator <certbot.plugins.manual.Authenticator object at 0x10a4df6d0> and installer None
2018-02-13 00:19:58,376:INFO:certbot.plugins.selection:Plugins selected: Authenticator manual, Installer None
2018-02-13 00:19:58,551:DEBUG:acme.client:Sending GET request to https://acme-v01.api.letsencrypt.org/directory.
2018-02-13 00:19:58,751:DEBUG:urllib3.connectionpool:Starting new HTTPS connection (1): acme-v01.api.letsencrypt.org
2018-02-13 00:19:59,894:DEBUG:urllib3.connectionpool:https://acme-v01.api.letsencrypt.org:443 "GET /directory HTTP/1.1" 200 562
2018-02-13 00:19:59,896:DEBUG:acme.client:Received response:
HTTP 200
Server: nginx
Content-Type: application/json
Content-Length: 562
Replay-Nonce: kR_xQadQVX_1u4ak8Sk13B0knosRU7kntKWWMBsb-9o
X-Frame-Options: DENY
Strict-Transport-Security: max-age=604800
Expires: Tue, 13 Feb 2018 00:19:59 GMT
Cache-Control: max-age=0, no-cache, no-store
Pragma: no-cache
Date: Tue, 13 Feb 2018 00:19:59 GMT
Connection: keep-alive

{
  "PMjw_Ss_kuo": "https://community.letsencrypt.org/t/adding-random-entries-to-the-directory/33417",
  "key-change": "https://acme-v01.api.letsencrypt.org/acme/key-change",
  "meta": {
    "terms-of-service": "https://letsencrypt.org/documents/LE-SA-v1.2-November-15-2017.pdf"
  },
  "new-authz": "https://acme-v01.api.letsencrypt.org/acme/new-authz",
  "new-cert": "https://acme-v01.api.letsencrypt.org/acme/new-cert",
  "new-reg": "https://acme-v01.api.letsencrypt.org/acme/new-reg",
  "revoke-cert": "https://acme-v01.api.letsencrypt.org/acme/revoke-cert"
}
2018-02-13 00:19:59,896:DEBUG:acme.client:Requesting fresh nonce
2018-02-13 00:19:59,897:DEBUG:acme.client:Sending HEAD request to https://acme-v01.api.letsencrypt.org/acme/new-reg.
2018-02-13 00:20:00,330:DEBUG:urllib3.connectionpool:https://acme-v01.api.letsencrypt.org:443 "HEAD /acme/new-reg HTTP/1.1" 405 0
2018-02-13 00:20:00,331:DEBUG:acme.client:Received response:
HTTP 405
Server: nginx
Content-Type: application/problem+json
Content-Length: 91
Allow: POST
Replay-Nonce: GQ17Ft-1YImJDHgpwrrb4P49NFIRx038zLUMQyFsd6o
Expires: Tue, 13 Feb 2018 00:20:00 GMT
Cache-Control: max-age=0, no-cache, no-store
Pragma: no-cache
Date: Tue, 13 Feb 2018 00:20:00 GMT
Connection: keep-alive


2018-02-13 00:20:00,331:DEBUG:acme.client:Storing nonce: GQ17Ft-1YImJDHgpwrrb4P49NFIRx038zLUMQyFsd6o
2018-02-13 00:20:00,332:DEBUG:acme.client:JWS payload:
{
  "contact": [
    "mailto:chrisdavidramos@gmail.com"
  ], 
  "resource": "new-reg"
}
2018-02-13 00:20:00,387:DEBUG:acme.client:Sending POST request to https://acme-v01.api.letsencrypt.org/acme/new-reg:
{
  "protected": "eyJub25jZSI6ICJHUTE3RnQtMVlJbUpESGdwd3JyYjRQNDlORklSeDAzOHpMVU1ReUZzZDZvIiwgImFsZyI6ICJSUzI1NiIsICJqd2siOiB7ImUiOiAiQVFBQiIsICJrdHkiOiAiUlNBIiwgIm4iOiAickFPSTBSYjU2MVUzVEtuUU9EcUlvNElhX1RRa1E5dFNzTzMxYm1EeWtDZGdKRzg3S25JdWpwRlZzb0paeXdMY0x0Zk40bVdHUU1LU3h0NUJMLXowdHJ5Q1NaMU4xRERnTjhKV1Z4NXRVbzZXMkY3M01EcUZtdnRNc2xqeEpDbWFYdkJKVzNoR3NOOTljTG5Ob1pmZlhJNXNnZDBUUXBHOXJtOU9RVjZNVHBES0lhWV9yZklMbUdMUEVDQjlGLTU4SW05dGZOZWFPcG8zWDFOZml0NGJXQVB3MHVGLXBBNUpPU3dCejJCZXM2VGVER1FpalJXZ2Flc1UwOE50U210ZndkelFPejFVSWVlU0ZuR1VPRTBqMmc5MmwzSFpmZTBUelFzWG04Xy13RHZCNWFOUWNFVVpyMGdjV0pjcDR6Y0RRSkc4SzlwX19hbDg4SlV1TC1zV2V3In19", 
  "payload": "ewogICJjb250YWN0IjogWwogICAgIm1haWx0bzpjaHJpc2RhdmlkcmFtb3NAZ21haWwuY29tIgogIF0sIAogICJyZXNvdXJjZSI6ICJuZXctcmVnIgp9", 
  "signature": "gSpM5zWyUkv0DCSyex8gJMEi9Nk2mwn_8fYTYiZ_5-kWZYFI_D_B-38WV6H82jPd6SA5K3TP4XzkIIR9N7RM-uE8QpLyAjrjd0JJNQYy128DjnSfTjGZ-u92gYNUe8QBTwRs3FfYMiXNJz7NBN0Q6V861HBgLXT7geO7Q63UC-ml7gBH2OPO2DS8atH7DDjck_qW2WdUF39VBaysePE7YOjT3PlUrHNUU3obbnLQQpippikkQ5H7Uv2ItMY0yANLucN6jSkk-qJJ6Hpw9tCbWua2DiBZNFDojK_fEAxKdnwIwHSF4yGSGxccvrron_YKgNAT6eQyOkUVy46VJ-ig1Q"
}
2018-02-13 00:20:01,021:DEBUG:urllib3.connectionpool:https://acme-v01.api.letsencrypt.org:443 "POST /acme/new-reg HTTP/1.1" 201 586
2018-02-13 00:20:01,022:DEBUG:acme.client:Received response:
HTTP 201
Server: nginx
Content-Type: application/json
Content-Length: 586
Boulder-Requester: 29381311
Link: <https://acme-v01.api.letsencrypt.org/acme/new-authz>;rel="next", <https://letsencrypt.org/documents/LE-SA-v1.2-November-15-2017.pdf>;rel="terms-of-service"
Location: https://acme-v01.api.letsencrypt.org/acme/reg/29381311
Replay-Nonce: Qf8HCyr5UjGOt9Gx89k0Jfu5SVeNxmRkETbVtmviTuQ
X-Frame-Options: DENY
Strict-Transport-Security: max-age=604800
Expires: Tue, 13 Feb 2018 00:20:01 GMT
Cache-Control: max-age=0, no-cache, no-store
Pragma: no-cache
Date: Tue, 13 Feb 2018 00:20:01 GMT
Connection: keep-alive

{
  "id": 29381311,
  "key": {
    "kty": "RSA",
    "n": "rAOI0Rb561U3TKnQODqIo4Ia_TQkQ9tSsO31bmDykCdgJG87KnIujpFVsoJZywLcLtfN4mWGQMKSxt5BL-z0tryCSZ1N1DDgN8JWVx5tUo6W2F73MDqFmvtMsljxJCmaXvBJW3hGsN99cLnNoZffXI5sgd0TQpG9rm9OQV6MTpDKIaY_rfILmGLPECB9F-58Im9tfNeaOpo3X1Nfit4bWAPw0uF-pA5JOSwBz2Bes6TeDGQijRWgaesU08NtSmtfwdzQOz1UIeeSFnGUOE0j2g92l3HZfe0TzQsXm8_-wDvB5aNQcEUZr0gcWJcp4zcDQJG8K9p__al88JUuL-sWew",
    "e": "AQAB"
  },
  "contact": [
    "mailto:chrisdavidramos@gmail.com"
  ],
  "initialIp": "96.84.206.182",
  "createdAt": "2018-02-13T00:20:00.817571076Z",
  "status": "valid"
}
2018-02-13 00:20:01,023:DEBUG:acme.client:Storing nonce: Qf8HCyr5UjGOt9Gx89k0Jfu5SVeNxmRkETbVtmviTuQ
2018-02-13 00:20:08,742:DEBUG:acme.client:JWS payload:
{
  "status": "valid", 
  "contact": [
    "mailto:chrisdavidramos@gmail.com"
  ], 
  "resource": "reg", 
  "agreement": "https://letsencrypt.org/documents/LE-SA-v1.2-November-15-2017.pdf", 
  "key": {
    "e": "AQAB", 
    "kty": "RSA", 
    "n": "rAOI0Rb561U3TKnQODqIo4Ia_TQkQ9tSsO31bmDykCdgJG87KnIujpFVsoJZywLcLtfN4mWGQMKSxt5BL-z0tryCSZ1N1DDgN8JWVx5tUo6W2F73MDqFmvtMsljxJCmaXvBJW3hGsN99cLnNoZffXI5sgd0TQpG9rm9OQV6MTpDKIaY_rfILmGLPECB9F-58Im9tfNeaOpo3X1Nfit4bWAPw0uF-pA5JOSwBz2Bes6TeDGQijRWgaesU08NtSmtfwdzQOz1UIeeSFnGUOE0j2g92l3HZfe0TzQsXm8_-wDvB5aNQcEUZr0gcWJcp4zcDQJG8K9p__al88JUuL-sWew"
  }
}
2018-02-13 00:20:08,749:DEBUG:acme.client:Sending POST request to https://acme-v01.api.letsencrypt.org/acme/reg/29381311:
{
  "protected": "eyJub25jZSI6ICJRZjhIQ3lyNVVqR090OUd4ODlrMEpmdTVTVmVOeG1Sa0VUYlZ0bXZpVHVRIiwgImFsZyI6ICJSUzI1NiIsICJqd2siOiB7ImUiOiAiQVFBQiIsICJrdHkiOiAiUlNBIiwgIm4iOiAickFPSTBSYjU2MVUzVEtuUU9EcUlvNElhX1RRa1E5dFNzTzMxYm1EeWtDZGdKRzg3S25JdWpwRlZzb0paeXdMY0x0Zk40bVdHUU1LU3h0NUJMLXowdHJ5Q1NaMU4xRERnTjhKV1Z4NXRVbzZXMkY3M01EcUZtdnRNc2xqeEpDbWFYdkJKVzNoR3NOOTljTG5Ob1pmZlhJNXNnZDBUUXBHOXJtOU9RVjZNVHBES0lhWV9yZklMbUdMUEVDQjlGLTU4SW05dGZOZWFPcG8zWDFOZml0NGJXQVB3MHVGLXBBNUpPU3dCejJCZXM2VGVER1FpalJXZ2Flc1UwOE50U210ZndkelFPejFVSWVlU0ZuR1VPRTBqMmc5MmwzSFpmZTBUelFzWG04Xy13RHZCNWFOUWNFVVpyMGdjV0pjcDR6Y0RRSkc4SzlwX19hbDg4SlV1TC1zV2V3In19", 
  "payload": "ewogICJzdGF0dXMiOiAidmFsaWQiLCAKICAiY29udGFjdCI6IFsKICAgICJtYWlsdG86Y2hyaXNkYXZpZHJhbW9zQGdtYWlsLmNvbSIKICBdLCAKICAicmVzb3VyY2UiOiAicmVnIiwgCiAgImFncmVlbWVudCI6ICJodHRwczovL2xldHNlbmNyeXB0Lm9yZy9kb2N1bWVudHMvTEUtU0EtdjEuMi1Ob3ZlbWJlci0xNS0yMDE3LnBkZiIsIAogICJrZXkiOiB7CiAgICAiZSI6ICJBUUFCIiwgCiAgICAia3R5IjogIlJTQSIsIAogICAgIm4iOiAickFPSTBSYjU2MVUzVEtuUU9EcUlvNElhX1RRa1E5dFNzTzMxYm1EeWtDZGdKRzg3S25JdWpwRlZzb0paeXdMY0x0Zk40bVdHUU1LU3h0NUJMLXowdHJ5Q1NaMU4xRERnTjhKV1Z4NXRVbzZXMkY3M01EcUZtdnRNc2xqeEpDbWFYdkJKVzNoR3NOOTljTG5Ob1pmZlhJNXNnZDBUUXBHOXJtOU9RVjZNVHBES0lhWV9yZklMbUdMUEVDQjlGLTU4SW05dGZOZWFPcG8zWDFOZml0NGJXQVB3MHVGLXBBNUpPU3dCejJCZXM2VGVER1FpalJXZ2Flc1UwOE50U210ZndkelFPejFVSWVlU0ZuR1VPRTBqMmc5MmwzSFpmZTBUelFzWG04Xy13RHZCNWFOUWNFVVpyMGdjV0pjcDR6Y0RRSkc4SzlwX19hbDg4SlV1TC1zV2V3IgogIH0KfQ", 
  "signature": "XDKEQLp7hZYM7uUKu9u7tNiNu3m1OvB6L_xZSt2vZw9XgCPJdI8hJ5sy96iCcyEWKosJMzTUmfDOGqUHFwatQSpdD8Dk5AFl9XpERVQTdNMDx4wP59EFnURldX1KfyyXux-uR8LpPzSASFPY0Lz8-YpEDB5HO81Ee0LRegOGwnWMfLTd1St8q_SOvE_VSGK0xY6BXqGqxFXGc_Isi5_oEwQv0z9_PFvK3ig62xtaARKxi5sA9wmqLYiCy2K7pFcxPVErEoovZRlTwQOLO17eV7_ONGpeJhyF8FxBM1obwFTTx0qvk-_jXOZW24xeobEDAa2fRl_n2uYE5fJ8h58-Kw"
}
2018-02-13 00:20:11,671:DEBUG:urllib3.connectionpool:https://acme-v01.api.letsencrypt.org:443 "POST /acme/reg/29381311 HTTP/1.1" 202 660
2018-02-13 00:20:11,673:DEBUG:acme.client:Received response:
HTTP 202
Server: nginx
Content-Type: application/json
Content-Length: 660
Boulder-Requester: 29381311
Link: <https://acme-v01.api.letsencrypt.org/acme/new-authz>;rel="next", <https://letsencrypt.org/documents/LE-SA-v1.2-November-15-2017.pdf>;rel="terms-of-service"
Replay-Nonce: cxFBrKDaAmunRRj3D4u4nEkWHWiYQUKhCN2By5bvnpE
Expires: Tue, 13 Feb 2018 00:20:11 GMT
Cache-Control: max-age=0, no-cache, no-store
Pragma: no-cache
Date: Tue, 13 Feb 2018 00:20:11 GMT
Connection: keep-alive

{
  "id": 29381311,
  "key": {
    "kty": "RSA",
    "n": "rAOI0Rb561U3TKnQODqIo4Ia_TQkQ9tSsO31bmDykCdgJG87KnIujpFVsoJZywLcLtfN4mWGQMKSxt5BL-z0tryCSZ1N1DDgN8JWVx5tUo6W2F73MDqFmvtMsljxJCmaXvBJW3hGsN99cLnNoZffXI5sgd0TQpG9rm9OQV6MTpDKIaY_rfILmGLPECB9F-58Im9tfNeaOpo3X1Nfit4bWAPw0uF-pA5JOSwBz2Bes6TeDGQijRWgaesU08NtSmtfwdzQOz1UIeeSFnGUOE0j2g92l3HZfe0TzQsXm8_-wDvB5aNQcEUZr0gcWJcp4zcDQJG8K9p__al88JUuL-sWew",
    "e": "AQAB"
  },
  "contact": [
    "mailto:chrisdavidramos@gmail.com"
  ],
  "agreement": "https://letsencrypt.org/documents/LE-SA-v1.2-November-15-2017.pdf",
  "initialIp": "96.84.206.182",
  "createdAt": "2018-02-13T00:20:00Z",
  "status": "valid"
}
2018-02-13 00:20:11,673:DEBUG:acme.client:Storing nonce: cxFBrKDaAmunRRj3D4u4nEkWHWiYQUKhCN2By5bvnpE
2018-02-13 00:20:11,983:DEBUG:certbot.reporter:Reporting to user: Your account credentials have been saved in your Certbot configuration directory at /users/ramos/Documents/apache2/etc/le. You should make a secure backup of this folder now. This configuration directory will also contain certificates and private keys obtained by Certbot so making regular backups of this folder is ideal.
2018-02-13 00:20:22,579:DEBUG:certbot.eff:Sending POST request to https://supporters.eff.org/subscribe/certbot:
{'email': 'chrisdavidramos@gmail.com', 'data_type': 'json', 'form_id': 'eff_supporters_library_subscribe_form'}
2018-02-13 00:20:22,629:DEBUG:urllib3.connectionpool:Starting new HTTPS connection (1): supporters.eff.org
2018-02-13 00:20:25,059:DEBUG:urllib3.connectionpool:https://supporters.eff.org:443 "POST /subscribe/certbot HTTP/1.1" 200 90
2018-02-13 00:20:25,627:DEBUG:certbot.eff:Received response:
{"status":true,"message":"Please check your email for a confirmation link."}
2018-02-13 00:20:26,478:DEBUG:certbot.main:Picked account: <Account(RegistrationResource(body=Registration(status=u'valid', contact=(u'mailto:chrisdavidramos@gmail.com',), agreement=u'https://letsencrypt.org/documents/LE-SA-v1.2-November-15-2017.pdf', key=JWKRSA(key=<ComparableRSAKey(<cryptography.hazmat.backends.openssl.rsa._RSAPublicKey object at 0x10a3d8b50>)>)), uri='https://acme-v01.api.letsencrypt.org/acme/reg/29381311', new_authzr_uri=None, terms_of_service='https://letsencrypt.org/documents/LE-SA-v1.2-November-15-2017.pdf'), c809b406b671c69022da8ed1b4daca3f, Meta(creation_host='Prometheus.local', creation_dt=datetime.datetime(2018, 2, 13, 0, 20, 11, tzinfo=<UTC>)))>
2018-02-13 00:20:26,482:INFO:certbot.main:Obtaining a new certificate
2018-02-13 00:20:26,483:DEBUG:acme.client:JWS payload:
{
  "identifier": {
    "type": "dns", 
    "value": "home.dev.paxperscientiam.com"
  }, 
  "resource": "new-authz"
}
2018-02-13 00:20:26,490:DEBUG:acme.client:Sending POST request to https://acme-v01.api.letsencrypt.org/acme/new-authz:
{
  "protected": "eyJub25jZSI6ICJjeEZCcktEYUFtdW5SUmozRDR1NG5Fa1dIV2lZUVVLaENOMkJ5NWJ2bnBFIiwgImFsZyI6ICJSUzI1NiIsICJqd2siOiB7ImUiOiAiQVFBQiIsICJrdHkiOiAiUlNBIiwgIm4iOiAickFPSTBSYjU2MVUzVEtuUU9EcUlvNElhX1RRa1E5dFNzTzMxYm1EeWtDZGdKRzg3S25JdWpwRlZzb0paeXdMY0x0Zk40bVdHUU1LU3h0NUJMLXowdHJ5Q1NaMU4xRERnTjhKV1Z4NXRVbzZXMkY3M01EcUZtdnRNc2xqeEpDbWFYdkJKVzNoR3NOOTljTG5Ob1pmZlhJNXNnZDBUUXBHOXJtOU9RVjZNVHBES0lhWV9yZklMbUdMUEVDQjlGLTU4SW05dGZOZWFPcG8zWDFOZml0NGJXQVB3MHVGLXBBNUpPU3dCejJCZXM2VGVER1FpalJXZ2Flc1UwOE50U210ZndkelFPejFVSWVlU0ZuR1VPRTBqMmc5MmwzSFpmZTBUelFzWG04Xy13RHZCNWFOUWNFVVpyMGdjV0pjcDR6Y0RRSkc4SzlwX19hbDg4SlV1TC1zV2V3In19", 
  "payload": "ewogICJpZGVudGlmaWVyIjogewogICAgInR5cGUiOiAiZG5zIiwgCiAgICAidmFsdWUiOiAiaG9tZS5kZXYucGF4cGVyc2NpZW50aWFtLmNvbSIKICB9LCAKICAicmVzb3VyY2UiOiAibmV3LWF1dGh6Igp9", 
  "signature": "ON1Fbq-kW87M8CPfZkrgBr3JYDRHK7MBbjUI1KH6J6H9KGy6OWeFctx5xJRwunGzOaoEqB85D6lwOsFVSpPd8AdcE4iorSxPBCOF_WkTYBar0y4r5u32T4JV1RReF2zraXL7IJHyotlwC-pFgPaKhHnZXlkGHsBip4QBql3UUTPWw0WcAHlO6bOeg6f4MX6sWmdL4I_XoH8_ygzDkqTQ3ap8izuVo1P11PsrRRAesw-G4RftBzYJRG8dHYAi2BMHwc9gLnLkGav6ZW692nHDy3Ez1leUoFoSafKP3Eq_LZsEYkhILkRCoBep2reaKBK8GnZ3LXKl4VAQ3y3daZAp5w"
}
2018-02-13 00:20:35,266:DEBUG:urllib3.connectionpool:https://acme-v01.api.letsencrypt.org:443 "POST /acme/new-authz HTTP/1.1" 201 743
2018-02-13 00:20:36,203:DEBUG:acme.client:Received response:
HTTP 201
Server: nginx
Content-Type: application/json
Content-Length: 743
Boulder-Requester: 29381311
Link: <https://acme-v01.api.letsencrypt.org/acme/new-cert>;rel="next"
Location: https://acme-v01.api.letsencrypt.org/acme/authz/jg8QMmanTgwhd2HlI0a5pfY5FnDCJ1wmSgiPZJiXZVc
Replay-Nonce: PPweNv_3r6YmuClIaH_2KOCVXdkChERwNef-9rp0S2o
X-Frame-Options: DENY
Strict-Transport-Security: max-age=604800
Expires: Tue, 13 Feb 2018 00:20:35 GMT
Cache-Control: max-age=0, no-cache, no-store
Pragma: no-cache
Date: Tue, 13 Feb 2018 00:20:35 GMT
Connection: keep-alive

{
  "identifier": {
    "type": "dns",
    "value": "home.dev.paxperscientiam.com"
  },
  "status": "pending",
  "expires": "2018-02-20T00:20:32.845127813Z",
  "challenges": [
    {
      "type": "dns-01",
      "status": "pending",
      "uri": "https://acme-v01.api.letsencrypt.org/acme/challenge/jg8QMmanTgwhd2HlI0a5pfY5FnDCJ1wmSgiPZJiXZVc/3437825685",
      "token": "HbQKMEf8vBMUuD640dixStoUGMx8xRWeYKuiCSH1Uks"
    },
    {
      "type": "http-01",
      "status": "pending",
      "uri": "https://acme-v01.api.letsencrypt.org/acme/challenge/jg8QMmanTgwhd2HlI0a5pfY5FnDCJ1wmSgiPZJiXZVc/3437825686",
      "token": "dtMfphPAsulPYJAoGVBIq2RxfBhm1Hmkj4ENog6iQE4"
    }
  ],
  "combinations": [
    [
      1
    ],
    [
      0
    ]
  ]
}
2018-02-13 00:20:36,203:DEBUG:acme.client:Storing nonce: PPweNv_3r6YmuClIaH_2KOCVXdkChERwNef-9rp0S2o
2018-02-13 00:20:36,208:INFO:certbot.auth_handler:Performing the following challenges:
2018-02-13 00:20:36,209:INFO:certbot.auth_handler:http-01 challenge for home.dev.paxperscientiam.com
2018-02-13 00:21:09,166:INFO:certbot.auth_handler:Waiting for verification...
2018-02-13 00:21:09,237:DEBUG:acme.client:JWS payload:
{
  "keyAuthorization": "dtMfphPAsulPYJAoGVBIq2RxfBhm1Hmkj4ENog6iQE4.sLCMPI3jmUII8EN3nt8v7LSbkqYuZoApkNXZY3FLdsk", 
  "type": "http-01", 
  "resource": "challenge"
}
2018-02-13 00:21:09,243:DEBUG:acme.client:Sending POST request to https://acme-v01.api.letsencrypt.org/acme/challenge/jg8QMmanTgwhd2HlI0a5pfY5FnDCJ1wmSgiPZJiXZVc/3437825686:
{
  "protected": "eyJub25jZSI6ICJQUHdlTnZfM3I2WW11Q2xJYUhfMktPQ1ZYZGtDaEVSd05lZi05cnAwUzJvIiwgImFsZyI6ICJSUzI1NiIsICJqd2siOiB7ImUiOiAiQVFBQiIsICJrdHkiOiAiUlNBIiwgIm4iOiAickFPSTBSYjU2MVUzVEtuUU9EcUlvNElhX1RRa1E5dFNzTzMxYm1EeWtDZGdKRzg3S25JdWpwRlZzb0paeXdMY0x0Zk40bVdHUU1LU3h0NUJMLXowdHJ5Q1NaMU4xRERnTjhKV1Z4NXRVbzZXMkY3M01EcUZtdnRNc2xqeEpDbWFYdkJKVzNoR3NOOTljTG5Ob1pmZlhJNXNnZDBUUXBHOXJtOU9RVjZNVHBES0lhWV9yZklMbUdMUEVDQjlGLTU4SW05dGZOZWFPcG8zWDFOZml0NGJXQVB3MHVGLXBBNUpPU3dCejJCZXM2VGVER1FpalJXZ2Flc1UwOE50U210ZndkelFPejFVSWVlU0ZuR1VPRTBqMmc5MmwzSFpmZTBUelFzWG04Xy13RHZCNWFOUWNFVVpyMGdjV0pjcDR6Y0RRSkc4SzlwX19hbDg4SlV1TC1zV2V3In19", 
  "payload": "ewogICJrZXlBdXRob3JpemF0aW9uIjogImR0TWZwaFBBc3VsUFlKQW9HVkJJcTJSeGZCaG0xSG1rajRFTm9nNmlRRTQuc0xDTVBJM2ptVUlJOEVOM250OHY3TFNia3FZdVpvQXBrTlhaWTNGTGRzayIsIAogICJ0eXBlIjogImh0dHAtMDEiLCAKICAicmVzb3VyY2UiOiAiY2hhbGxlbmdlIgp9", 
  "signature": "hng_8GRNdJPsI9CgArzVlfOUz6DcgOQgE0NwB_8sr6nXUBm9dhKMXUJORxPQnxJvNxppNawtNRKLIIEt5gFV5QzL6QAKAGFkWuYhk9pxnZ7lwcKwGEJzsT0txhBSa-v1Cfx5cu69-yacAj9LMJL1rDkxmCVgWyTja5qoBlxOP0D6P4VeIg9HsRqWgdz8Yokzn1621frO5JNLhLJww-qEdNjcunA0ceLAJnweU8ii0P6dDqGmDh8iHQKdY5S1IydHr-sdSk6b6iXFMVzseFycpzsUN8hqo6mz9kkPNd8kcIiJiSN7Lu42UNf-XMib0cN_0XHkh9LcYpzL2wwGDiSipw"
}
2018-02-13 00:21:10,709:DEBUG:urllib3.connectionpool:https://acme-v01.api.letsencrypt.org:443 "POST /acme/challenge/jg8QMmanTgwhd2HlI0a5pfY5FnDCJ1wmSgiPZJiXZVc/3437825686 HTTP/1.1" 202 336
2018-02-13 00:21:10,711:DEBUG:acme.client:Received response:
HTTP 202
Server: nginx
Content-Type: application/json
Content-Length: 336
Boulder-Requester: 29381311
Link: <https://acme-v01.api.letsencrypt.org/acme/authz/jg8QMmanTgwhd2HlI0a5pfY5FnDCJ1wmSgiPZJiXZVc>;rel="up"
Location: https://acme-v01.api.letsencrypt.org/acme/challenge/jg8QMmanTgwhd2HlI0a5pfY5FnDCJ1wmSgiPZJiXZVc/3437825686
Replay-Nonce: tCcp_QLwD0eW0i2lj8RFSe1yjWTJED_suMFdG7MO-Jk
Expires: Tue, 13 Feb 2018 00:21:10 GMT
Cache-Control: max-age=0, no-cache, no-store
Pragma: no-cache
Date: Tue, 13 Feb 2018 00:21:10 GMT
Connection: keep-alive

{
  "type": "http-01",
  "status": "pending",
  "uri": "https://acme-v01.api.letsencrypt.org/acme/challenge/jg8QMmanTgwhd2HlI0a5pfY5FnDCJ1wmSgiPZJiXZVc/3437825686",
  "token": "dtMfphPAsulPYJAoGVBIq2RxfBhm1Hmkj4ENog6iQE4",
  "keyAuthorization": "dtMfphPAsulPYJAoGVBIq2RxfBhm1Hmkj4ENog6iQE4.sLCMPI3jmUII8EN3nt8v7LSbkqYuZoApkNXZY3FLdsk"
}
2018-02-13 00:21:10,711:DEBUG:acme.client:Storing nonce: tCcp_QLwD0eW0i2lj8RFSe1yjWTJED_suMFdG7MO-Jk
2018-02-13 00:21:13,717:DEBUG:acme.client:Sending GET request to https://acme-v01.api.letsencrypt.org/acme/authz/jg8QMmanTgwhd2HlI0a5pfY5FnDCJ1wmSgiPZJiXZVc.
2018-02-13 00:21:14,949:DEBUG:urllib3.connectionpool:https://acme-v01.api.letsencrypt.org:443 "GET /acme/authz/jg8QMmanTgwhd2HlI0a5pfY5FnDCJ1wmSgiPZJiXZVc HTTP/1.1" 200 1293
2018-02-13 00:21:14,950:DEBUG:acme.client:Received response:
HTTP 200
Server: nginx
Content-Type: application/json
Content-Length: 1293
Link: <https://acme-v01.api.letsencrypt.org/acme/new-cert>;rel="next"
Replay-Nonce: HhZ7ICf4f_Hl609clQCguPNS-ZdtJuBfHwCM3pgRJtA
X-Frame-Options: DENY
Strict-Transport-Security: max-age=604800
Expires: Tue, 13 Feb 2018 00:21:14 GMT
Cache-Control: max-age=0, no-cache, no-store
Pragma: no-cache
Date: Tue, 13 Feb 2018 00:21:14 GMT
Connection: keep-alive

{
  "identifier": {
    "type": "dns",
    "value": "home.dev.paxperscientiam.com"
  },
  "status": "invalid",
  "expires": "2018-02-20T00:20:32Z",
  "challenges": [
    {
      "type": "dns-01",
      "status": "pending",
      "uri": "https://acme-v01.api.letsencrypt.org/acme/challenge/jg8QMmanTgwhd2HlI0a5pfY5FnDCJ1wmSgiPZJiXZVc/3437825685",
      "token": "HbQKMEf8vBMUuD640dixStoUGMx8xRWeYKuiCSH1Uks"
    },
    {
      "type": "http-01",
      "status": "invalid",
      "error": {
        "type": "urn:acme:error:connection",
        "detail": "DNS problem: NXDOMAIN looking up A for home.dev.paxperscientiam.com",
        "status": 400
      },
      "uri": "https://acme-v01.api.letsencrypt.org/acme/challenge/jg8QMmanTgwhd2HlI0a5pfY5FnDCJ1wmSgiPZJiXZVc/3437825686",
      "token": "dtMfphPAsulPYJAoGVBIq2RxfBhm1Hmkj4ENog6iQE4",
      "keyAuthorization": "dtMfphPAsulPYJAoGVBIq2RxfBhm1Hmkj4ENog6iQE4.sLCMPI3jmUII8EN3nt8v7LSbkqYuZoApkNXZY3FLdsk",
      "validationRecord": [
        {
          "url": "http://home.dev.paxperscientiam.com/.well-known/acme-challenge/dtMfphPAsulPYJAoGVBIq2RxfBhm1Hmkj4ENog6iQE4",
          "hostname": "home.dev.paxperscientiam.com",
          "port": "80"
        }
      ]
    }
  ],
  "combinations": [
    [
      1
    ],
    [
      0
    ]
  ]
}
2018-02-13 00:21:14,952:DEBUG:certbot.reporter:Reporting to user: The following errors were reported by the server:

Domain: home.dev.paxperscientiam.com
Type:   connection
Detail: DNS problem: NXDOMAIN looking up A for home.dev.paxperscientiam.com

To fix these errors, please make sure that your domain name was entered correctly and the DNS A/AAAA record(s) for that domain contain(s) the right IP address. Additionally, please check that your computer has a publicly routable IP address and that no firewalls are preventing the server from communicating with the client. If you're using the webroot plugin, you should also verify that you are serving files from the webroot path you provided.
2018-02-13 00:21:14,952:INFO:certbot.auth_handler:Cleaning up challenges
2018-02-13 00:21:14,953:DEBUG:certbot.log:Exiting abnormally:
Traceback (most recent call last):
  File "/opt/local/bin/certbot", line 11, in <module>
    load_entry_point('certbot==0.21.0', 'console_scripts', 'certbot')()
  File "/opt/local/Library/Frameworks/Python.framework/Versions/2.7/lib/python2.7/site-packages/certbot/main.py", line 1240, in main
    return config.func(config, plugins)
  File "/opt/local/Library/Frameworks/Python.framework/Versions/2.7/lib/python2.7/site-packages/certbot/main.py", line 1120, in certonly
    lineage = _get_and_save_cert(le_client, config, domains, certname, lineage)
  File "/opt/local/Library/Frameworks/Python.framework/Versions/2.7/lib/python2.7/site-packages/certbot/main.py", line 118, in _get_and_save_cert
    lineage = le_client.obtain_and_enroll_certificate(domains, certname)
  File "/opt/local/Library/Frameworks/Python.framework/Versions/2.7/lib/python2.7/site-packages/certbot/client.py", line 357, in obtain_and_enroll_certificate
    certr, chain, key, _ = self.obtain_certificate(domains)
  File "/opt/local/Library/Frameworks/Python.framework/Versions/2.7/lib/python2.7/site-packages/certbot/client.py", line 318, in obtain_certificate
    self.config.allow_subset_of_names)
  File "/opt/local/Library/Frameworks/Python.framework/Versions/2.7/lib/python2.7/site-packages/certbot/auth_handler.py", line 81, in get_authorizations
    self._respond(resp, best_effort)
  File "/opt/local/Library/Frameworks/Python.framework/Versions/2.7/lib/python2.7/site-packages/certbot/auth_handler.py", line 138, in _respond
    self._poll_challenges(chall_update, best_effort)
  File "/opt/local/Library/Frameworks/Python.framework/Versions/2.7/lib/python2.7/site-packages/certbot/auth_handler.py", line 202, in _poll_challenges
    raise errors.FailedChallenges(all_failed_achalls)
FailedChallenges: Failed authorization procedure. home.dev.paxperscientiam.com (http-01): urn:acme:error:connection :: The server could not connect to the client to verify the domain :: DNS problem: NXDOMAIN looking up A for home.dev.paxperscientiam.com
